[debug] [2023-03-12T22:17:43.464Z] ----------------------------------------------------------------------
[debug] [2023-03-12T22:17:43.466Z] Command:       C:\Program Files\nodejs\node.exe C:\Users\yukas\AppData\Roaming\npm\node_modules\firebase-tools\lib\bin\firebase.js emulators:start --only functions
[debug] [2023-03-12T22:17:43.466Z] CLI Version:   11.23.1
[debug] [2023-03-12T22:17:43.466Z] Platform:      win32
[debug] [2023-03-12T22:17:43.467Z] Node Version:  v18.14.0
[debug] [2023-03-12T22:17:43.467Z] Time:          Sun Mar 12 2023 23:17:43 GMT+0100 (Mitteleuropäische Normalzeit)
[debug] [2023-03-12T22:17:43.467Z] ----------------------------------------------------------------------
[debug] 
[debug] [2023-03-12T22:17:43.526Z] > command requires scopes: ["email","openid","https://www.googleapis.com/auth/cloudplatformprojects.readonly","https://www.googleapis.com/auth/firebase","https://www.googleapis.com/auth/cloud-platform"]
[debug] [2023-03-12T22:17:43.527Z] > authorizing via signed-in user (daszehntefragezeichen@gmail.com)
[info] i  emulators: Starting emulators: functions {"metadata":{"emulator":{"name":"hub"},"message":"Starting emulators: functions"}}
[debug] [2023-03-12T22:17:43.537Z] [logging] Logging Emulator only supports listening on one address (127.0.0.1). Not listening on ::1
[debug] [2023-03-12T22:17:43.537Z] assigned listening specs for emulators {"user":{"hub":[{"address":"127.0.0.1","family":"IPv4","port":4400},{"address":"::1","family":"IPv6","port":4400}],"ui":[{"address":"127.0.0.1","family":"IPv4","port":4000},{"address":"::1","family":"IPv6","port":4000}],"logging":[{"address":"127.0.0.1","family":"IPv4","port":4500}]},"metadata":{"message":"assigned listening specs for emulators"}}
[debug] [2023-03-12T22:17:43.541Z] [hub] writing locator at C:\Users\yukas\AppData\Local\Temp\hub-century-daaf0.json
[debug] [2023-03-12T22:17:43.556Z] [functions] Functions Emulator only supports listening on one address (127.0.0.1). Not listening on ::1
[debug] [2023-03-12T22:17:43.556Z] [eventarc] Eventarc Emulator only supports listening on one address (127.0.0.1). Not listening on ::1
[debug] [2023-03-12T22:17:43.556Z] late-assigned ports for functions and eventarc emulators {"user":{"hub":[{"address":"127.0.0.1","family":"IPv4","port":4400},{"address":"::1","family":"IPv6","port":4400}],"ui":[{"address":"127.0.0.1","family":"IPv4","port":4000},{"address":"::1","family":"IPv6","port":4000}],"logging":[{"address":"127.0.0.1","family":"IPv4","port":4500}],"functions":[{"address":"127.0.0.1","family":"IPv4","port":5001}],"eventarc":[{"address":"127.0.0.1","family":"IPv4","port":9299}]},"metadata":{"message":"late-assigned ports for functions and eventarc emulators"}}
[warn] !  functions: The following emulators are not running, calls to these services from the Functions emulator will affect production: auth, firestore, database, hosting, pubsub, storage {"metadata":{"emulator":{"name":"functions"},"message":"The following emulators are not running, calls to these services from the Functions emulator will affect production: \u001b[1mauth, firestore, database, hosting, pubsub, storage\u001b[22m"}}
[debug] [2023-03-12T22:17:43.559Z] defaultcredentials: writing to file C:\Users\yukas\AppData\Roaming\firebase\daszehntefragezeichen_gmail_com_application_default_credentials.json
[debug] [2023-03-12T22:17:43.560Z] Setting GAC to C:\Users\yukas\AppData\Roaming\firebase\daszehntefragezeichen_gmail_com_application_default_credentials.json {"metadata":{"emulator":{"name":"functions"},"message":"Setting GAC to C:\\Users\\yukas\\AppData\\Roaming\\firebase\\daszehntefragezeichen_gmail_com_application_default_credentials.json"}}
[debug] [2023-03-12T22:17:43.562Z] >>> [apiv2][query] GET https://firebase.googleapis.com/v1beta1/projects/century-daaf0/adminSdkConfig [none]
[debug] [2023-03-12T22:17:43.825Z] <<< [apiv2][status] GET https://firebase.googleapis.com/v1beta1/projects/century-daaf0/adminSdkConfig 200
[debug] [2023-03-12T22:17:43.825Z] <<< [apiv2][body] GET https://firebase.googleapis.com/v1beta1/projects/century-daaf0/adminSdkConfig {"projectId":"century-daaf0","storageBucket":"century-daaf0.appspot.com"}
[debug] [2023-03-12T22:17:43.837Z] Ignoring unsupported arg: auto_download {"metadata":{"emulator":{"name":"ui"},"message":"Ignoring unsupported arg: auto_download"}}
[debug] [2023-03-12T22:17:43.837Z] Ignoring unsupported arg: port {"metadata":{"emulator":{"name":"ui"},"message":"Ignoring unsupported arg: port"}}
[debug] [2023-03-12T22:17:43.837Z] Starting Emulator UI with command {"binary":"node","args":["C:\\Users\\yukas\\.cache\\firebase\\emulators\\ui-v1.11.4\\server\\server.js"],"optionalArgs":[],"joinArgs":false} {"metadata":{"emulator":{"name":"ui"},"message":"Starting Emulator UI with command {\"binary\":\"node\",\"args\":[\"C:\\\\Users\\\\yukas\\\\.cache\\\\firebase\\\\emulators\\\\ui-v1.11.4\\\\server\\\\server.js\"],\"optionalArgs\":[],\"joinArgs\":false}"}}
[info] i  ui: Emulator UI logging to ui-debug.log {"metadata":{"emulator":{"name":"ui"},"message":"Emulator UI logging to \u001b[1mui-debug.log\u001b[22m"}}
[debug] [2023-03-12T22:17:43.939Z] Web / API server started at 127.0.0.1:4000
 {"metadata":{"emulator":{"name":"ui"},"message":"Web / API server started at 127.0.0.1:4000\n"}}
[debug] [2023-03-12T22:17:43.940Z] Web / API server started at ::1:4000
 {"metadata":{"emulator":{"name":"ui"},"message":"Web / API server started at ::1:4000\n"}}
[info] i  functions: Watching "D:\Projects\Web Applications\century\functions" for Cloud Functions... {"metadata":{"emulator":{"name":"functions"},"message":"Watching \"D:\\Projects\\Web Applications\\century\\functions\" for Cloud Functions..."}}
[debug] [2023-03-12T22:17:44.114Z] Validating nodejs source
[debug] [2023-03-12T22:17:45.343Z] > [functions] package.json contents: {
  "name": "functions",
  "scripts": {
    "build": "tsc",
    "build:watch": "tsc --watch",
    "serve": "npm run build && firebase emulators:start --only functions",
    "shell": "npm run build && firebase functions:shell",
    "start": "npm run shell",
    "deploy": "firebase deploy --only functions",
    "logs": "firebase functions:log"
  },
  "engines": {
    "node": "16"
  },
  "main": "lib/index.js",
  "dependencies": {
    "firebase-functions": "^4.2.0"
  },
  "devDependencies": {
    "firebase-functions-test": "^3.0.0",
    "typescript": "^4.9.0"
  },
  "private": true
}
[debug] [2023-03-12T22:17:45.344Z] Building nodejs source
[debug] [2023-03-12T22:17:45.344Z] Failed to find version of module node: reached end of search path D:\Projects\Web Applications\century\functions\node_modules
[warn] !  functions: Your requested "node" version "16" doesn't match your global version "18". Using node@18 from host. 
[debug] [2023-03-12T22:17:45.346Z] Could not find functions.yaml. Must use http discovery
[debug] [2023-03-12T22:17:45.352Z] Found firebase-functions binary at 'D:\Projects\Web Applications\century\functions\node_modules\.bin\firebase-functions'
[debug] [2023-03-12T22:17:45.550Z] Serving at port 8479

[debug] [2023-03-12T22:17:45.829Z] Got response from /__/functions.yaml Failed to generate manifest from function source: Error: Cannot find module './serviceAccountKey.json'
Require stack:
- D:\Projects\Web Applications\century\functions\lib\firebaseAdmin.js
- D:\Projects\Web Applications\century\functions\lib\index.js
- D:\Projects\Web Applications\century\functions\node_modules\firebase-functions\lib\runtime\loader.js
- D:\Projects\Web Applications\century\functions\node_modules\firebase-functions\lib\bin\firebase-functions.js
[debug] [2023-03-12T22:17:45.831Z] Failed to parse functions.yamlincomplete explicit mapping pair; a key node is missed; or followed by a non-tabulated empty line at line 1, column 56:
     ... fest from function source: Error: Cannot find module './serviceA ... 
                                         ^ {"name":"YAMLException","reason":"incomplete explicit mapping pair; a key node is missed; or followed by a non-tabulated empty line","mark":{"name":null,"buffer":"Failed to generate manifest from function source: Error: Cannot find module './serviceAccountKey.json'\nRequire stack:\n- D:\\Projects\\Web Applications\\century\\functions\\lib\\firebaseAdmin.js\n- D:\\Projects\\Web Applications\\century\\functions\\lib\\index.js\n- D:\\Projects\\Web Applications\\century\\functions\\node_modules\\firebase-functions\\lib\\runtime\\loader.js\n- D:\\Projects\\Web Applications\\century\\functions\\node_modules\\firebase-functions\\lib\\bin\\firebase-functions.js\n\u0000","position":55,"line":0,"column":55},"message":"incomplete explicit mapping pair; a key node is missed; or followed by a non-tabulated empty line at line 1, column 56:\n     ... fest from function source: Error: Cannot find module './serviceA ... \n                                         ^"}
[debug] [2023-03-12T22:17:45.835Z] shutdown requested via /__/quitquitquit

[error] !!  functions: Failed to load function definition from source: FirebaseError: Failed to load function definition from source: Failed to generate manifest from function source: Error: Cannot find module './serviceAccountKey.json'
Require stack:
- D:\Projects\Web Applications\century\functions\lib\firebaseAdmin.js
- D:\Projects\Web Applications\century\functions\lib\index.js
- D:\Projects\Web Applications\century\functions\node_modules\firebase-functions\lib\runtime\loader.js
- D:\Projects\Web Applications\century\functions\node_modules\firebase-functions\lib\bin\firebase-functions.js {"metadata":{"emulator":{"name":"functions"},"message":"Failed to load function definition from source: FirebaseError: Failed to load function definition from source: Failed to generate manifest from function source: Error: Cannot find module './serviceAccountKey.json'\nRequire stack:\n- D:\\Projects\\Web Applications\\century\\functions\\lib\\firebaseAdmin.js\n- D:\\Projects\\Web Applications\\century\\functions\\lib\\index.js\n- D:\\Projects\\Web Applications\\century\\functions\\node_modules\\firebase-functions\\lib\\runtime\\loader.js\n- D:\\Projects\\Web Applications\\century\\functions\\node_modules\\firebase-functions\\lib\\bin\\firebase-functions.js"}}
[info] 
┌─────────────────────────────────────────────────────────────┐
│ ✔  All emulators ready! It is now safe to connect your app. │
│ i  View Emulator UI at http://127.0.0.1:4000/               │
└─────────────────────────────────────────────────────────────┘

┌───────────┬────────────────┬─────────────────────────────────┐
│ Emulator  │ Host:Port      │ View in Emulator UI             │
├───────────┼────────────────┼─────────────────────────────────┤
│ Functions │ 127.0.0.1:5001 │ http://127.0.0.1:4000/functions │
└───────────┴────────────────┴─────────────────────────────────┘
  Emulator Hub running at 127.0.0.1:4400
  Other reserved ports: 4500

Issues? Report them at https://github.com/firebase/firebase-tools/issues and attach the *-debug.log files.
 
[debug] [2023-03-12T22:18:28.292Z] [work-queue] {"queuedWork":["/century-daaf0/us-central1/onScraperComplete-2023-03-12T22:18:28.291Z"],"queueLength":1,"runningWork":[],"workRunningCount":0}
[debug] [2023-03-12T22:18:28.292Z] [work-queue] {"queuedWork":[],"queueLength":0,"runningWork":["/century-daaf0/us-central1/onScraperComplete-2023-03-12T22:18:28.291Z"],"workRunningCount":1}
[debug] [2023-03-12T22:18:28.294Z] [work-queue] {"queuedWork":[],"queueLength":0,"runningWork":[],"workRunningCount":0}
[debug] [2023-03-12T22:18:29.403Z] [work-queue] {"queuedWork":["/century-daaf0/us-central1/onScraperComplete-2023-03-12T22:18:29.403Z"],"queueLength":1,"runningWork":[],"workRunningCount":0}
[debug] [2023-03-12T22:18:29.403Z] [work-queue] {"queuedWork":[],"queueLength":0,"runningWork":["/century-daaf0/us-central1/onScraperComplete-2023-03-12T22:18:29.403Z"],"workRunningCount":1}
[debug] [2023-03-12T22:18:29.404Z] [work-queue] {"queuedWork":[],"queueLength":0,"runningWork":[],"workRunningCount":0}
[debug] [2023-03-12T22:18:34.830Z] [work-queue] {"queuedWork":["/century-daaf0/us-central1/onScraperComplete-2023-03-12T22:18:34.830Z"],"queueLength":1,"runningWork":[],"workRunningCount":0}
[debug] [2023-03-12T22:18:34.830Z] [work-queue] {"queuedWork":[],"queueLength":0,"runningWork":["/century-daaf0/us-central1/onScraperComplete-2023-03-12T22:18:34.830Z"],"workRunningCount":1}
[debug] [2023-03-12T22:18:34.831Z] [work-queue] {"queuedWork":[],"queueLength":0,"runningWork":[],"workRunningCount":0}
[debug] [2023-03-12T22:20:39.136Z] [work-queue] {"queuedWork":["/century-daaf0/us-central1/onScraperComplete-2023-03-12T22:20:39.136Z"],"queueLength":1,"runningWork":[],"workRunningCount":0}
[debug] [2023-03-12T22:20:39.136Z] [work-queue] {"queuedWork":[],"queueLength":0,"runningWork":["/century-daaf0/us-central1/onScraperComplete-2023-03-12T22:20:39.136Z"],"workRunningCount":1}
[debug] [2023-03-12T22:20:39.136Z] [work-queue] {"queuedWork":[],"queueLength":0,"runningWork":[],"workRunningCount":0}
[debug] [2023-03-12T22:20:40.248Z] [work-queue] {"queuedWork":["/century-daaf0/us-central1/onScraperComplete-2023-03-12T22:20:40.248Z"],"queueLength":1,"runningWork":[],"workRunningCount":0}
[debug] [2023-03-12T22:20:40.248Z] [work-queue] {"queuedWork":[],"queueLength":0,"runningWork":["/century-daaf0/us-central1/onScraperComplete-2023-03-12T22:20:40.248Z"],"workRunningCount":1}
[debug] [2023-03-12T22:20:40.249Z] [work-queue] {"queuedWork":[],"queueLength":0,"runningWork":[],"workRunningCount":0}
[debug] [2023-03-12T22:20:45.664Z] [work-queue] {"queuedWork":["/century-daaf0/us-central1/onScraperComplete-2023-03-12T22:20:45.664Z"],"queueLength":1,"runningWork":[],"workRunningCount":0}
[debug] [2023-03-12T22:20:45.664Z] [work-queue] {"queuedWork":[],"queueLength":0,"runningWork":["/century-daaf0/us-central1/onScraperComplete-2023-03-12T22:20:45.664Z"],"workRunningCount":1}
[debug] [2023-03-12T22:20:45.664Z] [work-queue] {"queuedWork":[],"queueLength":0,"runningWork":[],"workRunningCount":0}
[debug] [2023-03-12T22:22:44.358Z] File D:\Projects\Web Applications\century\functions\package-lock.json changed, reloading triggers {"metadata":{"emulator":{"name":"functions"},"message":"File D:\\Projects\\Web Applications\\century\\functions\\package-lock.json changed, reloading triggers"}}
[debug] [2023-03-12T22:22:44.361Z] File D:\Projects\Web Applications\century\functions\package.json changed, reloading triggers {"metadata":{"emulator":{"name":"functions"},"message":"File D:\\Projects\\Web Applications\\century\\functions\\package.json changed, reloading triggers"}}
